<?xml version="1.0" encoding="UTF-8"?>
<!-- Generated by org.testng.reporters.JUnitXMLReporter -->
<testsuite hostname="CanberKeytorc" name="Surefire test" tests="1" failures="1" timestamp="3 Feb 2016 20:53:48 GMT" time="28.22" errors="0">
  <testcase name="test1" time="7.661" classname="com.bilyoner.Stack.AppTest">
    <failure type="java.lang.AssertionError" message="expected [true] but found [false]">
      <![CDATA[java.lang.AssertionError: expected [true] but found [false]
	at com.bilyoner.Stack.AppTest.test1(AppTest.java:74)
... Removed 32 stack frames]]>
    </failure>
  </testcase> <!-- test1 -->
</testsuite> <!-- Surefire test -->
